{"C:\\Users\\Admin\\Desktop\\Projects\\Course-Catalog\\components\\continue-learning.tsx": {"path":"C:\\Users\\Admin\\Desktop\\Projects\\Course-Catalog\\components\\continue-learning.tsx","statementMap":{"0":{"start":{"line":8,"column":16},"end":{"line":8,"column":null}},"1":{"start":{"line":2,"column":36},"end":{"line":2,"column":null}},"2":{"start":{"line":4,"column":32},"end":{"line":4,"column":null}},"3":{"start":{"line":6,"column":34},"end":{"line":6,"column":53}},"4":{"start":{"line":28,"column":12},"end":{"line":28,"column":33}}},"fnMap":{"0":{"name":"ContinueLearning","decl":{"start":{"line":8,"column":16},"end":{"line":8,"column":null}},"loc":{"start":{"line":8,"column":16},"end":{"line":84,"column":null}}},"1":{"name":"(anonymous_3)","decl":{"start":{"line":27,"column":31},"end":{"line":27,"column":32}},"loc":{"start":{"line":28,"column":12},"end":{"line":28,"column":33}}}},"branchMap":{"0":{"loc":{"start":{"line":32,"column":23},"end":{"line":32,"column":null}},"type":"binary-expr","locations":[{"start":{"line":32,"column":23},"end":{"line":32,"column":35}},{"start":{"line":32,"column":39},"end":{"line":32,"column":null}}]}},"s":{"0":1,"1":1,"2":1,"3":1,"4":45},"f":{"0":15,"1":45},"b":{"0":[45,0]}}
,"C:\\Users\\Admin\\Desktop\\Projects\\Course-Catalog\\components\\course-card.tsx": {"path":"C:\\Users\\Admin\\Desktop\\Projects\\Course-Catalog\\components\\course-card.tsx","statementMap":{"0":{"start":{"line":14,"column":16},"end":{"line":14,"column":27}},"1":{"start":{"line":1,"column":58},"end":{"line":1,"column":null}},"2":{"start":{"line":2,"column":23},"end":{"line":2,"column":null}},"3":{"start":{"line":3,"column":22},"end":{"line":3,"column":null}},"4":{"start":{"line":4,"column":25},"end":{"line":4,"column":null}},"5":{"start":{"line":5,"column":29},"end":{"line":5,"column":null}},"6":{"start":{"line":6,"column":18},"end":{"line":6,"column":null}},"7":{"start":{"line":7,"column":36},"end":{"line":7,"column":null}},"8":{"start":{"line":15,"column":27},"end":{"line":15,"column":null}}},"fnMap":{"0":{"name":"CourseCard","decl":{"start":{"line":14,"column":16},"end":{"line":14,"column":27}},"loc":{"start":{"line":14,"column":54},"end":{"line":79,"column":null}}}},"branchMap":{"0":{"loc":{"start":{"line":22,"column":17},"end":{"line":22,"column":null}},"type":"binary-expr","locations":[{"start":{"line":22,"column":17},"end":{"line":22,"column":29}},{"start":{"line":22,"column":33},"end":{"line":22,"column":null}}]},"1":{"loc":{"start":{"line":58,"column":9},"end":{"line":58,"column":24}},"type":"binary-expr","locations":[{"start":{"line":58,"column":9},"end":{"line":58,"column":24}},{"start":{"line":58,"column":28},"end":{"line":58,"column":null}}]},"2":{"loc":{"start":{"line":74,"column":11},"end":{"line":74,"column":null}},"type":"cond-expr","locations":[{"start":{"line":74,"column":29},"end":{"line":74,"column":42}},{"start":{"line":74,"column":42},"end":{"line":74,"column":null}}]}},"s":{"0":1,"1":1,"2":1,"3":1,"4":1,"5":1,"6":1,"7":1,"8":31},"f":{"0":31},"b":{"0":[31,1],"1":[31,6],"2":[6,25]}}
,"C:\\Users\\Admin\\Desktop\\Projects\\Course-Catalog\\components\\course-catalog.tsx": {"path":"C:\\Users\\Admin\\Desktop\\Projects\\Course-Catalog\\components\\course-catalog.tsx","statementMap":{"0":{"start":{"line":17,"column":16},"end":{"line":17,"column":30}},"1":{"start":{"line":2,"column":34},"end":{"line":2,"column":null}},"2":{"start":{"line":3,"column":27},"end":{"line":3,"column":null}},"3":{"start":{"line":4,"column":29},"end":{"line":4,"column":null}},"4":{"start":{"line":6,"column":24},"end":{"line":6,"column":null}},"5":{"start":{"line":7,"column":23},"end":{"line":7,"column":null}},"6":{"start":{"line":8,"column":42},"end":{"line":8,"column":null}},"7":{"start":{"line":10,"column":26},"end":{"line":10,"column":37}},"8":{"start":{"line":11,"column":25},"end":{"line":11,"column":null}},"9":{"start":{"line":18,"column":54},"end":{"line":18,"column":null}},"10":{"start":{"line":19,"column":40},"end":{"line":19,"column":null}},"11":{"start":{"line":22,"column":23},"end":{"line":39,"column":null}},"12":{"start":{"line":23,"column":34},"end":{"line":29,"column":null}},"13":{"start":{"line":25,"column":10},"end":{"line":27,"column":null}},"14":{"start":{"line":31,"column":47},"end":{"line":37,"column":null}},"15":{"start":{"line":33,"column":57},"end":{"line":33,"column":91}},"16":{"start":{"line":34,"column":61},"end":{"line":34,"column":99}},"17":{"start":{"line":35,"column":57},"end":{"line":35,"column":91}},"18":{"start":{"line":36,"column":55},"end":{"line":36,"column":87}},"19":{"start":{"line":38,"column":4},"end":{"line":38,"column":null}},"20":{"start":{"line":42,"column":26},"end":{"line":60,"column":null}},"21":{"start":{"line":43,"column":19},"end":{"line":43,"column":null}},"22":{"start":{"line":46,"column":4},"end":{"line":52,"column":null}},"23":{"start":{"line":47,"column":6},"end":{"line":50,"column":null}},"24":{"start":{"line":48,"column":8},"end":{"line":50,"column":null}},"25":{"start":{"line":55,"column":4},"end":{"line":57,"column":null}},"26":{"start":{"line":56,"column":6},"end":{"line":56,"column":null}},"27":{"start":{"line":56,"column":43},"end":{"line":56,"column":null}},"28":{"start":{"line":59,"column":4},"end":{"line":59,"column":null}},"29":{"start":{"line":63,"column":21},"end":{"line":63,"column":null}},"30":{"start":{"line":64,"column":21},"end":{"line":64,"column":null}},"31":{"start":{"line":65,"column":19},"end":{"line":65,"column":null}},"32":{"start":{"line":66,"column":27},"end":{"line":66,"column":null}},"33":{"start":{"line":69,"column":2},"end":{"line":71,"column":null}},"34":{"start":{"line":70,"column":4},"end":{"line":70,"column":null}},"35":{"start":{"line":106,"column":14},"end":{"line":107,"column":null}},"36":{"start":{"line":122,"column":31},"end":{"line":122,"column":null}},"37":{"start":{"line":122,"column":54},"end":{"line":122,"column":null}},"38":{"start":{"line":131,"column":62},"end":{"line":131,"column":69}},"39":{"start":{"line":132,"column":18},"end":{"line":133,"column":null}},"40":{"start":{"line":136,"column":35},"end":{"line":136,"column":null}},"41":{"start":{"line":147,"column":31},"end":{"line":147,"column":null}},"42":{"start":{"line":147,"column":54},"end":{"line":147,"column":null}}},"fnMap":{"0":{"name":"CourseCatalog","decl":{"start":{"line":17,"column":16},"end":{"line":17,"column":30}},"loc":{"start":{"line":17,"column":65},"end":{"line":167,"column":null}}},"1":{"name":"(anonymous_3)","decl":{"start":{"line":22,"column":31},"end":{"line":22,"column":null}},"loc":{"start":{"line":22,"column":31},"end":{"line":39,"column":5}}},"2":{"name":"(anonymous_4)","decl":{"start":{"line":24,"column":23},"end":{"line":24,"column":null}},"loc":{"start":{"line":25,"column":10},"end":{"line":27,"column":null}}},"3":{"name":"(anonymous_5)","decl":{"start":{"line":33,"column":47},"end":{"line":33,"column":57}},"loc":{"start":{"line":33,"column":57},"end":{"line":33,"column":91}}},"4":{"name":"(anonymous_6)","decl":{"start":{"line":34,"column":51},"end":{"line":34,"column":61}},"loc":{"start":{"line":34,"column":61},"end":{"line":34,"column":99}}},"5":{"name":"(anonymous_7)","decl":{"start":{"line":35,"column":47},"end":{"line":35,"column":57}},"loc":{"start":{"line":35,"column":57},"end":{"line":35,"column":91}}},"6":{"name":"(anonymous_8)","decl":{"start":{"line":36,"column":45},"end":{"line":36,"column":55}},"loc":{"start":{"line":36,"column":55},"end":{"line":36,"column":87}}},"7":{"name":"(anonymous_9)","decl":{"start":{"line":42,"column":34},"end":{"line":42,"column":null}},"loc":{"start":{"line":42,"column":34},"end":{"line":60,"column":5}}},"8":{"name":"(anonymous_10)","decl":{"start":{"line":47,"column":33},"end":{"line":47,"column":null}},"loc":{"start":{"line":48,"column":8},"end":{"line":50,"column":null}}},"9":{"name":"(anonymous_11)","decl":{"start":{"line":56,"column":33},"end":{"line":56,"column":43}},"loc":{"start":{"line":56,"column":43},"end":{"line":56,"column":null}}},"10":{"name":"(anonymous_12)","decl":{"start":{"line":69,"column":10},"end":{"line":69,"column":null}},"loc":{"start":{"line":69,"column":10},"end":{"line":71,"column":5}}},"11":{"name":"(anonymous_13)","decl":{"start":{"line":105,"column":34},"end":{"line":105,"column":35}},"loc":{"start":{"line":106,"column":14},"end":{"line":107,"column":null}}},"12":{"name":"(anonymous_14)","decl":{"start":{"line":122,"column":25},"end":{"line":122,"column":31}},"loc":{"start":{"line":122,"column":31},"end":{"line":122,"column":null}}},"13":{"name":"(anonymous_15)","decl":{"start":{"line":122,"column":46},"end":{"line":122,"column":54}},"loc":{"start":{"line":122,"column":54},"end":{"line":122,"column":null}}},"14":{"name":"(anonymous_16)","decl":{"start":{"line":131,"column":52},"end":{"line":131,"column":53}},"loc":{"start":{"line":131,"column":62},"end":{"line":131,"column":69}}},"15":{"name":"(anonymous_17)","decl":{"start":{"line":131,"column":73},"end":{"line":131,"column":74}},"loc":{"start":{"line":132,"column":18},"end":{"line":133,"column":null}}},"16":{"name":"(anonymous_18)","decl":{"start":{"line":136,"column":29},"end":{"line":136,"column":35}},"loc":{"start":{"line":136,"column":35},"end":{"line":136,"column":null}}},"17":{"name":"(anonymous_19)","decl":{"start":{"line":147,"column":25},"end":{"line":147,"column":31}},"loc":{"start":{"line":147,"column":31},"end":{"line":147,"column":null}}},"18":{"name":"(anonymous_20)","decl":{"start":{"line":147,"column":46},"end":{"line":147,"column":54}},"loc":{"start":{"line":147,"column":54},"end":{"line":147,"column":null}}}},"branchMap":{"0":{"loc":{"start":{"line":23,"column":34},"end":{"line":29,"column":null}},"type":"cond-expr","locations":[{"start":{"line":24,"column":8},"end":{"line":27,"column":null}},{"start":{"line":29,"column":8},"end":{"line":29,"column":null}}]},"1":{"loc":{"start":{"line":25,"column":10},"end":{"line":27,"column":null}},"type":"binary-expr","locations":[{"start":{"line":25,"column":10},"end":{"line":25,"column":null}},{"start":{"line":26,"column":10},"end":{"line":26,"column":null}},{"start":{"line":27,"column":10},"end":{"line":27,"column":null}}]},"2":{"loc":{"start":{"line":46,"column":4},"end":{"line":52,"column":null}},"type":"if","locations":[{"start":{"line":46,"column":4},"end":{"line":52,"column":null}}]},"3":{"loc":{"start":{"line":48,"column":8},"end":{"line":50,"column":null}},"type":"binary-expr","locations":[{"start":{"line":48,"column":8},"end":{"line":48,"column":null}},{"start":{"line":49,"column":8},"end":{"line":49,"column":null}},{"start":{"line":50,"column":8},"end":{"line":50,"column":null}}]},"4":{"loc":{"start":{"line":55,"column":4},"end":{"line":57,"column":null}},"type":"if","locations":[{"start":{"line":55,"column":4},"end":{"line":57,"column":null}}]},"5":{"loc":{"start":{"line":79,"column":45},"end":{"line":79,"column":85}},"type":"cond-expr","locations":[{"start":{"line":79,"column":76},"end":{"line":79,"column":82}},{"start":{"line":79,"column":82},"end":{"line":79,"column":85}}]},"6":{"loc":{"start":{"line":90,"column":8},"end":{"line":103,"column":null}},"type":"cond-expr","locations":[{"start":{"line":90,"column":8},"end":{"line":103,"column":null}}]},"7":{"loc":{"start":{"line":96,"column":13},"end":{"line":98,"column":null}},"type":"cond-expr","locations":[{"start":{"line":97,"column":16},"end":{"line":97,"column":90}},{"start":{"line":98,"column":16},"end":{"line":98,"column":null}}]},"8":{"loc":{"start":{"line":117,"column":11},"end":{"line":117,"column":null}},"type":"binary-expr","locations":[{"start":{"line":117,"column":11},"end":{"line":117,"column":null}}]},"9":{"loc":{"start":{"line":134,"column":29},"end":{"line":134,"column":null}},"type":"cond-expr","locations":[{"start":{"line":134,"column":52},"end":{"line":134,"column":64}},{"start":{"line":134,"column":64},"end":{"line":134,"column":null}}]},"10":{"loc":{"start":{"line":158,"column":11},"end":{"line":158,"column":null}},"type":"binary-expr","locations":[{"start":{"line":158,"column":11},"end":{"line":158,"column":null}}]}},"s":{"0":1,"1":1,"2":1,"3":1,"4":1,"5":1,"6":1,"7":1,"8":1,"9":78,"10":78,"11":78,"12":33,"13":60,"14":33,"15":84,"16":84,"17":84,"18":84,"19":33,"20":78,"21":39,"22":39,"23":17,"24":68,"25":39,"26":6,"27":18,"28":39,"29":78,"30":78,"31":78,"32":78,"33":78,"34":39,"35":178,"36":0,"37":0,"38":0,"39":0,"40":0,"41":0,"42":0},"f":{"0":78,"1":33,"2":60,"3":84,"4":84,"5":84,"6":84,"7":39,"8":68,"9":18,"10":39,"11":178,"12":0,"13":0,"14":0,"15":0,"16":0,"17":0,"18":0},"b":{"0":[15,18],"1":[60,55,54],"2":[17],"3":[68,61,60],"4":[6],"5":[60,18],"6":[16],"7":[14,2],"8":[62],"9":[0,0],"10":[62]}}
,"C:\\Users\\Admin\\Desktop\\Projects\\Course-Catalog\\components\\course-filter.tsx": {"path":"C:\\Users\\Admin\\Desktop\\Projects\\Course-Catalog\\components\\course-filter.tsx","statementMap":{"0":{"start":{"line":16,"column":16},"end":{"line":16,"column":29}},"1":{"start":{"line":2,"column":25},"end":{"line":2,"column":null}},"2":{"start":{"line":3,"column":23},"end":{"line":3,"column":null}},"3":{"start":{"line":4,"column":22},"end":{"line":4,"column":null}},"4":{"start":{"line":5,"column":18},"end":{"line":5,"column":null}},"5":{"start":{"line":14,"column":35},"end":{"line":14,"column":null}},"6":{"start":{"line":17,"column":30},"end":{"line":17,"column":null}},"7":{"start":{"line":19,"column":29},"end":{"line":32,"column":null}},"8":{"start":{"line":20,"column":4},"end":{"line":31,"column":null}},"9":{"start":{"line":22,"column":8},"end":{"line":22,"column":null}},"10":{"start":{"line":24,"column":8},"end":{"line":24,"column":null}},"11":{"start":{"line":26,"column":8},"end":{"line":26,"column":null}},"12":{"start":{"line":28,"column":8},"end":{"line":28,"column":null}},"13":{"start":{"line":30,"column":8},"end":{"line":30,"column":null}},"14":{"start":{"line":39,"column":23},"end":{"line":39,"column":null}},"15":{"start":{"line":54,"column":29},"end":{"line":54,"column":null}},"16":{"start":{"line":63,"column":14},"end":{"line":64,"column":null}},"17":{"start":{"line":66,"column":18},"end":{"line":66,"column":null}},"18":{"start":{"line":67,"column":18},"end":{"line":67,"column":null}}},"fnMap":{"0":{"name":"CourseFilter","decl":{"start":{"line":16,"column":16},"end":{"line":16,"column":29}},"loc":{"start":{"line":16,"column":104},"end":{"line":94,"column":null}}},"1":{"name":"(anonymous_2)","decl":{"start":{"line":19,"column":29},"end":{"line":19,"column":30}},"loc":{"start":{"line":19,"column":30},"end":{"line":32,"column":null}}},"2":{"name":"(anonymous_3)","decl":{"start":{"line":39,"column":17},"end":{"line":39,"column":23}},"loc":{"start":{"line":39,"column":23},"end":{"line":39,"column":null}}},"3":{"name":"(anonymous_4)","decl":{"start":{"line":54,"column":23},"end":{"line":54,"column":29}},"loc":{"start":{"line":54,"column":29},"end":{"line":54,"column":null}}},"4":{"name":"(anonymous_5)","decl":{"start":{"line":62,"column":30},"end":{"line":62,"column":31}},"loc":{"start":{"line":63,"column":14},"end":{"line":64,"column":null}}},"5":{"name":"(anonymous_6)","decl":{"start":{"line":65,"column":25},"end":{"line":65,"column":null}},"loc":{"start":{"line":65,"column":25},"end":{"line":68,"column":null}}}},"branchMap":{"0":{"loc":{"start":{"line":20,"column":4},"end":{"line":31,"column":null}},"type":"switch","locations":[{"start":{"line":21,"column":6},"end":{"line":22,"column":null}},{"start":{"line":23,"column":6},"end":{"line":24,"column":null}},{"start":{"line":25,"column":6},"end":{"line":26,"column":null}},{"start":{"line":27,"column":6},"end":{"line":28,"column":null}},{"start":{"line":29,"column":6},"end":{"line":30,"column":null}}]},"1":{"loc":{"start":{"line":47,"column":7},"end":{"line":47,"column":null}},"type":"binary-expr","locations":[{"start":{"line":47,"column":7},"end":{"line":47,"column":null}}]},"2":{"loc":{"start":{"line":70,"column":18},"end":{"line":72,"column":null}},"type":"cond-expr","locations":[{"start":{"line":71,"column":22},"end":{"line":71,"column":null}},{"start":{"line":72,"column":22},"end":{"line":72,"column":null}}]},"3":{"loc":{"start":{"line":81,"column":18},"end":{"line":83,"column":null}},"type":"cond-expr","locations":[{"start":{"line":82,"column":22},"end":{"line":82,"column":null}},{"start":{"line":83,"column":22},"end":{"line":83,"column":null}}]}},"s":{"0":1,"1":1,"2":1,"3":1,"4":1,"5":1,"6":72,"7":72,"8":155,"9":31,"10":31,"11":31,"12":31,"13":31,"14":33,"15":2,"16":155,"17":0,"18":0},"f":{"0":72,"1":155,"2":33,"3":2,"4":155,"5":0},"b":{"0":[31,31,31,31,31],"1":[72],"2":[31,124],"3":[31,124]}}
,"C:\\Users\\Admin\\Desktop\\Projects\\Course-Catalog\\components\\header.tsx": {"path":"C:\\Users\\Admin\\Desktop\\Projects\\Course-Catalog\\components\\header.tsx","statementMap":{"0":{"start":{"line":13,"column":16},"end":{"line":13,"column":23}},"1":{"start":{"line":2,"column":26},"end":{"line":2,"column":null}},"2":{"start":{"line":3,"column":22},"end":{"line":3,"column":null}},"3":{"start":{"line":4,"column":23},"end":{"line":4,"column":null}},"4":{"start":{"line":5,"column":28},"end":{"line":5,"column":null}},"5":{"start":{"line":15,"column":28},"end":{"line":17,"column":null}},"6":{"start":{"line":16,"column":4},"end":{"line":16,"column":null}},"7":{"start":{"line":47,"column":33},"end":{"line":47,"column":null}}},"fnMap":{"0":{"name":"Header","decl":{"start":{"line":13,"column":16},"end":{"line":13,"column":23}},"loc":{"start":{"line":13,"column":67},"end":{"line":71,"column":null}}},"1":{"name":"(anonymous_2)","decl":{"start":{"line":15,"column":28},"end":{"line":15,"column":null}},"loc":{"start":{"line":15,"column":28},"end":{"line":17,"column":null}}},"2":{"name":"(anonymous_3)","decl":{"start":{"line":47,"column":26},"end":{"line":47,"column":27}},"loc":{"start":{"line":47,"column":33},"end":{"line":47,"column":null}}}},"branchMap":{"0":{"loc":{"start":{"line":50,"column":15},"end":{"line":50,"column":null}},"type":"binary-expr","locations":[{"start":{"line":50,"column":15},"end":{"line":50,"column":null}}]}},"s":{"0":14,"1":1,"2":1,"3":1,"4":1,"5":14,"6":1,"7":0},"f":{"0":14,"1":1,"2":0},"b":{"0":[14]}}
,"C:\\Users\\Admin\\Desktop\\Projects\\Course-Catalog\\components\\theme-provider.tsx": {"path":"C:\\Users\\Admin\\Desktop\\Projects\\Course-Catalog\\components\\theme-provider.tsx","statementMap":{"0":{"start":{"line":5,"column":16},"end":{"line":5,"column":30}},"1":{"start":{"line":2,"column":52},"end":{"line":2,"column":null}}},"fnMap":{"0":{"name":"ThemeProvider","decl":{"start":{"line":5,"column":16},"end":{"line":5,"column":30}},"loc":{"start":{"line":5,"column":72},"end":{"line":7,"column":null}}}},"branchMap":{},"s":{"0":3,"1":1},"f":{"0":3},"b":{}}
,"C:\\Users\\Admin\\Desktop\\Projects\\Course-Catalog\\components\\theme-toggle.tsx": {"path":"C:\\Users\\Admin\\Desktop\\Projects\\Course-Catalog\\components\\theme-toggle.tsx","statementMap":{"0":{"start":{"line":6,"column":16},"end":{"line":6,"column":null}},"1":{"start":{"line":2,"column":26},"end":{"line":2,"column":null}},"2":{"start":{"line":3,"column":25},"end":{"line":3,"column":null}},"3":{"start":{"line":4,"column":23},"end":{"line":4,"column":null}},"4":{"start":{"line":7,"column":30},"end":{"line":7,"column":null}},"5":{"start":{"line":13,"column":21},"end":{"line":13,"column":null}}},"fnMap":{"0":{"name":"ThemeToggle","decl":{"start":{"line":6,"column":16},"end":{"line":6,"column":null}},"loc":{"start":{"line":6,"column":16},"end":{"line":21,"column":null}}},"1":{"name":"(anonymous_2)","decl":{"start":{"line":13,"column":15},"end":{"line":13,"column":21}},"loc":{"start":{"line":13,"column":21},"end":{"line":13,"column":null}}}},"branchMap":{"0":{"loc":{"start":{"line":13,"column":30},"end":{"line":13,"column":null}},"type":"cond-expr","locations":[{"start":{"line":13,"column":50},"end":{"line":13,"column":59}},{"start":{"line":13,"column":59},"end":{"line":13,"column":null}}]}},"s":{"0":8,"1":1,"2":1,"3":1,"4":8,"5":5},"f":{"0":8,"1":5},"b":{"0":[5,0]}}
,"C:\\Users\\Admin\\Desktop\\Projects\\Course-Catalog\\lib\\difficulty-colors.ts": {"path":"C:\\Users\\Admin\\Desktop\\Projects\\Course-Catalog\\lib\\difficulty-colors.ts","statementMap":{"0":{"start":{"line":1,"column":13},"end":{"line":1,"column":35}},"1":{"start":{"line":1,"column":35},"end":{"line":30,"column":null}},"2":{"start":{"line":2,"column":2},"end":{"line":6,"column":null}},"3":{"start":{"line":3,"column":4},"end":{"line":5,"column":null}},"4":{"start":{"line":8,"column":2},"end":{"line":29,"column":null}},"5":{"start":{"line":10,"column":6},"end":{"line":12,"column":null}},"6":{"start":{"line":14,"column":6},"end":{"line":16,"column":null}},"7":{"start":{"line":18,"column":6},"end":{"line":20,"column":null}},"8":{"start":{"line":22,"column":6},"end":{"line":24,"column":null}},"9":{"start":{"line":26,"column":6},"end":{"line":28,"column":null}}},"fnMap":{"0":{"name":"(anonymous_1)","decl":{"start":{"line":1,"column":35},"end":{"line":1,"column":36}},"loc":{"start":{"line":1,"column":36},"end":{"line":30,"column":null}}}},"branchMap":{"0":{"loc":{"start":{"line":2,"column":2},"end":{"line":6,"column":null}},"type":"if","locations":[{"start":{"line":2,"column":2},"end":{"line":6,"column":null}}]},"1":{"loc":{"start":{"line":8,"column":2},"end":{"line":29,"column":null}},"type":"switch","locations":[{"start":{"line":9,"column":4},"end":{"line":12,"column":null}},{"start":{"line":13,"column":4},"end":{"line":16,"column":null}},{"start":{"line":17,"column":4},"end":{"line":20,"column":null}},{"start":{"line":21,"column":4},"end":{"line":24,"column":null}},{"start":{"line":25,"column":4},"end":{"line":28,"column":null}}]}},"s":{"0":18,"1":1,"2":18,"3":4,"4":14,"5":4,"6":3,"7":2,"8":3,"9":2},"f":{"0":18},"b":{"0":[4],"1":[4,3,2,3,2]}}
,"C:\\Users\\Admin\\Desktop\\Projects\\Course-Catalog\\lib\\utils.ts": {"path":"C:\\Users\\Admin\\Desktop\\Projects\\Course-Catalog\\lib\\utils.ts","statementMap":{"0":{"start":{"line":4,"column":16},"end":{"line":4,"column":19}},"1":{"start":{"line":1,"column":38},"end":{"line":1,"column":null}},"2":{"start":{"line":2,"column":24},"end":{"line":2,"column":null}},"3":{"start":{"line":5,"column":2},"end":{"line":5,"column":null}}},"fnMap":{"0":{"name":"cn","decl":{"start":{"line":4,"column":16},"end":{"line":4,"column":19}},"loc":{"start":{"line":4,"column":42},"end":{"line":6,"column":null}}}},"branchMap":{},"s":{"0":22,"1":2,"2":2,"3":22},"f":{"0":22},"b":{}}
}
