TN:
SF:components\continue-learning.tsx
FN:8,ContinueLearning
FN:27,(anonymous_3)
FNF:2
FNH:2
FNDA:30,ContinueLearning
FNDA:90,(anonymous_3)
DA:2,2
DA:4,2
DA:6,2
DA:8,2
DA:28,90
LF:5
LH:5
BRDA:32,0,0,90
BRDA:32,0,1,0
BRF:2
BRH:1
end_of_record
TN:
SF:components\course-card.tsx
FN:14,CourseCard
FNF:1
FNH:1
FNDA:80,CourseCard
DA:1,3
DA:2,3
DA:3,3
DA:4,3
DA:5,3
DA:6,3
DA:7,3
DA:14,50
DA:15,80
LF:9
LH:9
BRDA:22,0,0,80
BRDA:22,0,1,1
BRDA:58,1,0,80
BRDA:58,1,1,13
BRDA:74,2,0,13
BRDA:74,2,1,67
BRF:6
BRH:6
end_of_record
TN:
SF:components\course-catalog.tsx
FN:14,CourseCatalog
FN:18,(anonymous_3)
FN:20,(anonymous_4)
FN:29,(anonymous_5)
FN:30,(anonymous_6)
FN:31,(anonymous_7)
FN:32,(anonymous_8)
FN:38,(anonymous_9)
FN:43,(anonymous_10)
FN:52,(anonymous_11)
FN:91,(anonymous_12)
FNF:11
FNH:11
FNDA:39,CourseCatalog
FNDA:33,(anonymous_3)
FNDA:60,(anonymous_4)
FNDA:84,(anonymous_5)
FNDA:84,(anonymous_6)
FNDA:84,(anonymous_7)
FNDA:84,(anonymous_8)
FNDA:39,(anonymous_9)
FNDA:68,(anonymous_10)
FNDA:18,(anonymous_11)
FNDA:89,(anonymous_12)
DA:2,1
DA:3,1
DA:4,1
DA:6,1
DA:8,1
DA:14,1
DA:15,39
DA:18,39
DA:19,33
DA:21,60
DA:27,33
DA:29,84
DA:30,84
DA:31,84
DA:32,84
DA:34,33
DA:38,39
DA:39,39
DA:42,39
DA:43,17
DA:44,68
DA:51,39
DA:52,18
DA:55,39
DA:92,89
LF:25
LH:25
BRDA:19,0,0,15
BRDA:19,0,1,18
BRDA:21,1,0,60
BRDA:21,1,1,55
BRDA:21,1,2,54
BRDA:42,2,0,17
BRDA:44,3,0,68
BRDA:44,3,1,61
BRDA:44,3,2,60
BRDA:51,4,0,6
BRDA:63,5,0,39
BRDA:65,6,0,10
BRDA:65,6,1,7
BRDA:77,7,0,8
BRDA:83,8,0,7
BRDA:83,8,1,1
BRF:16
BRH:16
end_of_record
TN:
SF:components\course-filter.tsx
FN:16,CourseFilter
FN:19,(anonymous_2)
FN:39,(anonymous_3)
FN:54,(anonymous_4)
FN:62,(anonymous_5)
FN:65,(anonymous_6)
FNF:6
FNH:5
FNDA:72,CourseFilter
FNDA:155,(anonymous_2)
FNDA:33,(anonymous_3)
FNDA:2,(anonymous_4)
FNDA:155,(anonymous_5)
FNDA:0,(anonymous_6)
DA:2,1
DA:3,1
DA:4,1
DA:5,1
DA:14,1
DA:16,1
DA:17,72
DA:19,72
DA:20,155
DA:22,31
DA:24,31
DA:26,31
DA:28,31
DA:30,31
DA:39,33
DA:54,2
DA:63,155
DA:66,0
DA:67,0
LF:19
LH:17
BRDA:20,0,0,31
BRDA:20,0,1,31
BRDA:20,0,2,31
BRDA:20,0,3,31
BRDA:20,0,4,31
BRDA:47,1,0,72
BRDA:70,2,0,31
BRDA:70,2,1,124
BRF:8
BRH:8
end_of_record
TN:
SF:components\header.tsx
FN:13,Header
FN:16,(anonymous_2)
FN:40,(anonymous_3)
FNF:3
FNH:2
FNDA:14,Header
FNDA:1,(anonymous_2)
FNDA:0,(anonymous_3)
DA:2,1
DA:3,1
DA:4,1
DA:5,1
DA:6,1
DA:13,14
DA:14,14
DA:16,14
DA:17,1
DA:40,0
LF:10
LH:9
BRDA:27,0,0,0
BRDA:27,0,1,14
BRDA:43,1,0,14
BRF:3
BRH:2
end_of_record
TN:
SF:components\theme-provider.tsx
FN:5,ThemeProvider
FNF:1
FNH:1
FNDA:3,ThemeProvider
DA:2,1
DA:5,3
LF:2
LH:2
BRF:0
BRH:0
end_of_record
TN:
SF:components\theme-toggle.tsx
FN:6,ThemeToggle
FN:10,(anonymous_2)
FNF:2
FNH:2
FNDA:8,ThemeToggle
FNDA:5,(anonymous_2)
DA:2,1
DA:3,1
DA:4,1
DA:6,8
DA:7,8
DA:10,5
LF:6
LH:6
BRDA:10,0,0,5
BRDA:10,0,1,0
BRF:2
BRH:1
end_of_record
TN:
SF:lib\difficulty-colors.ts
FN:1,(anonymous_1)
FNF:1
FNH:1
FNDA:19,(anonymous_1)
DA:1,19
DA:2,19
DA:3,4
DA:9,15
DA:11,5
DA:16,3
DA:21,2
DA:26,3
DA:31,2
LF:9
LH:9
BRDA:2,0,0,4
BRDA:9,1,0,5
BRDA:9,1,1,3
BRDA:9,1,2,2
BRDA:9,1,3,3
BRDA:9,1,4,2
BRF:6
BRH:6
end_of_record
TN:
SF:lib\utils.ts
FN:4,cn
FNF:1
FNH:1
FNDA:22,cn
DA:1,1
DA:2,1
DA:4,22
DA:5,22
LF:4
LH:4
BRF:0
BRH:0
end_of_record
