TN:
SF:components\continue-learning.tsx
FN:8,ContinueLearning
FN:27,(anonymous_3)
FNF:2
FNH:2
FNDA:15,ContinueLearning
FNDA:45,(anonymous_3)
DA:2,1
DA:4,1
DA:6,1
DA:8,1
DA:28,45
LF:5
LH:5
BRDA:32,0,0,45
BRDA:32,0,1,0
BRF:2
BRH:1
end_of_record
TN:
SF:components\course-card.tsx
FN:14,CourseCard
FNF:1
FNH:1
FNDA:31,CourseCard
DA:1,1
DA:2,1
DA:3,1
DA:4,1
DA:5,1
DA:6,1
DA:7,1
DA:14,1
DA:15,31
LF:9
LH:9
BRDA:22,0,0,31
BRDA:22,0,1,1
BRDA:58,1,0,31
BRDA:58,1,1,6
BRDA:74,2,0,6
BRDA:74,2,1,25
BRF:6
BRH:6
end_of_record
TN:
SF:components\course-catalog.tsx
FN:17,CourseCatalog
FN:22,(anonymous_3)
FN:24,(anonymous_4)
FN:33,(anonymous_5)
FN:34,(anonymous_6)
FN:35,(anonymous_7)
FN:36,(anonymous_8)
FN:42,(anonymous_9)
FN:47,(anonymous_10)
FN:56,(anonymous_11)
FN:69,(anonymous_12)
FN:105,(anonymous_13)
FN:122,(anonymous_14)
FN:122,(anonymous_15)
FN:131,(anonymous_16)
FN:131,(anonymous_17)
FN:136,(anonymous_18)
FN:147,(anonymous_19)
FN:147,(anonymous_20)
FNF:19
FNH:12
FNDA:78,CourseCatalog
FNDA:33,(anonymous_3)
FNDA:60,(anonymous_4)
FNDA:84,(anonymous_5)
FNDA:84,(anonymous_6)
FNDA:84,(anonymous_7)
FNDA:84,(anonymous_8)
FNDA:39,(anonymous_9)
FNDA:68,(anonymous_10)
FNDA:18,(anonymous_11)
FNDA:39,(anonymous_12)
FNDA:178,(anonymous_13)
FNDA:0,(anonymous_14)
FNDA:0,(anonymous_15)
FNDA:0,(anonymous_16)
FNDA:0,(anonymous_17)
FNDA:0,(anonymous_18)
FNDA:0,(anonymous_19)
FNDA:0,(anonymous_20)
DA:2,1
DA:3,1
DA:4,1
DA:6,1
DA:7,1
DA:8,1
DA:10,1
DA:11,1
DA:17,1
DA:18,78
DA:19,78
DA:22,78
DA:23,33
DA:25,60
DA:31,33
DA:33,84
DA:34,84
DA:35,84
DA:36,84
DA:38,33
DA:42,78
DA:43,39
DA:46,39
DA:47,17
DA:48,68
DA:55,39
DA:56,18
DA:59,39
DA:63,78
DA:64,78
DA:65,78
DA:66,78
DA:69,78
DA:70,39
DA:106,178
DA:122,0
DA:131,0
DA:132,0
DA:136,0
DA:147,0
LF:40
LH:35
BRDA:23,0,0,15
BRDA:23,0,1,18
BRDA:25,1,0,60
BRDA:25,1,1,55
BRDA:25,1,2,54
BRDA:46,2,0,17
BRDA:48,3,0,68
BRDA:48,3,1,61
BRDA:48,3,2,60
BRDA:55,4,0,6
BRDA:79,5,0,60
BRDA:79,5,1,18
BRDA:90,6,0,16
BRDA:96,7,0,14
BRDA:96,7,1,2
BRDA:117,8,0,62
BRDA:134,9,0,0
BRDA:134,9,1,0
BRDA:158,10,0,62
BRF:19
BRH:17
end_of_record
TN:
SF:components\course-filter.tsx
FN:16,CourseFilter
FN:19,(anonymous_2)
FN:39,(anonymous_3)
FN:54,(anonymous_4)
FN:62,(anonymous_5)
FN:65,(anonymous_6)
FNF:6
FNH:5
FNDA:72,CourseFilter
FNDA:155,(anonymous_2)
FNDA:33,(anonymous_3)
FNDA:2,(anonymous_4)
FNDA:155,(anonymous_5)
FNDA:0,(anonymous_6)
DA:2,1
DA:3,1
DA:4,1
DA:5,1
DA:14,1
DA:16,1
DA:17,72
DA:19,72
DA:20,155
DA:22,31
DA:24,31
DA:26,31
DA:28,31
DA:30,31
DA:39,33
DA:54,2
DA:63,155
DA:66,0
DA:67,0
LF:19
LH:17
BRDA:20,0,0,31
BRDA:20,0,1,31
BRDA:20,0,2,31
BRDA:20,0,3,31
BRDA:20,0,4,31
BRDA:47,1,0,72
BRDA:70,2,0,31
BRDA:70,2,1,124
BRDA:81,3,0,31
BRDA:81,3,1,124
BRF:10
BRH:10
end_of_record
TN:
SF:components\header.tsx
FN:13,Header
FN:15,(anonymous_2)
FN:47,(anonymous_3)
FNF:3
FNH:2
FNDA:14,Header
FNDA:1,(anonymous_2)
FNDA:0,(anonymous_3)
DA:2,1
DA:3,1
DA:4,1
DA:5,1
DA:13,14
DA:15,14
DA:16,1
DA:47,0
LF:8
LH:7
BRDA:50,0,0,14
BRF:1
BRH:1
end_of_record
TN:
SF:components\theme-provider.tsx
FN:5,ThemeProvider
FNF:1
FNH:1
FNDA:3,ThemeProvider
DA:2,1
DA:5,3
LF:2
LH:2
BRF:0
BRH:0
end_of_record
TN:
SF:components\theme-toggle.tsx
FN:6,ThemeToggle
FN:13,(anonymous_2)
FNF:2
FNH:2
FNDA:8,ThemeToggle
FNDA:5,(anonymous_2)
DA:2,1
DA:3,1
DA:4,1
DA:6,8
DA:7,8
DA:13,5
LF:6
LH:6
BRDA:13,0,0,5
BRDA:13,0,1,0
BRF:2
BRH:1
end_of_record
TN:
SF:lib\difficulty-colors.ts
FN:1,(anonymous_1)
FNF:1
FNH:1
FNDA:18,(anonymous_1)
DA:1,18
DA:2,18
DA:3,4
DA:8,14
DA:10,4
DA:14,3
DA:18,2
DA:22,3
DA:26,2
LF:9
LH:9
BRDA:2,0,0,4
BRDA:8,1,0,4
BRDA:8,1,1,3
BRDA:8,1,2,2
BRDA:8,1,3,3
BRDA:8,1,4,2
BRF:6
BRH:6
end_of_record
TN:
SF:lib\utils.ts
FN:4,cn
FNF:1
FNH:1
FNDA:22,cn
DA:1,2
DA:2,2
DA:4,22
DA:5,22
LF:4
LH:4
BRF:0
BRH:0
end_of_record
